2012-01-06 21:36:06 [INFO] [Multiverse-Portals]  0 - Portals(s) loaded
2012-01-06 21:41:07 [INFO] [Multiverse-Portals]  0 - Portals(s) loaded
2012-01-07 14:19:18 [INFO] [Multiverse-Portals]  0 - Portals(s) loaded
2012-01-07 14:20:32 [INFO] [Multiverse-Portals]  0 - Portals(s) loaded
2012-01-07 17:16:17 [INFO] [Multiverse-Portals]  0 - Portals(s) loaded
2012-01-07 20:46:13 [INFO] [Multiverse-Portals]  0 - Portals(s) loaded
2012-01-07 20:46:34 [INFO] [Multiverse-Portals]  0 - Portals(s) loaded
2012-01-07 21:07:10 [INFO] [Multiverse-Portals]  0 - Portals(s) loaded
2012-01-07 21:47:25 [INFO] [Multiverse-Portals]  0 - Portals(s) loaded
2012-01-07 21:47:26 [INFO] [Multiverse-Portals]  Found WorldEdit. Using it for selections.
2012-01-07 21:58:50 [INFO] [Multiverse-Portals]  0 - Portals(s) loaded
2012-01-07 21:58:51 [INFO] [Multiverse-Portals]  Found WorldEdit. Using it for selections.
2012-01-07 22:31:53 [INFO] [Multiverse-Portals]  0 - Portals(s) loaded
2012-01-07 22:31:53 [INFO] [Multiverse-Portals]  Found WorldEdit. Using it for selections.
2012-01-17 18:21:32 [INFO] [Multiverse-Portals]  0 - Portals(s) loaded
2012-01-17 18:21:32 [INFO] [Multiverse-Portals]  Found WorldEdit. Using it for selections.
2012-01-17 18:22:29 [INFO] [Multiverse-Portals]  0 - Portals(s) loaded
2012-01-17 18:22:29 [INFO] [Multiverse-Portals]  Found WorldEdit. Using it for selections.
2012-01-17 18:43:29 [INFO] [Multiverse-Portals]  0 - Portals(s) loaded
2012-01-17 18:43:29 [INFO] [Multiverse-Portals]  Found WorldEdit. Using it for selections.
2012-01-18 06:37:51 [INFO] [Multiverse-Portals]  0 - Portals(s) loaded
2012-01-18 06:37:51 [INFO] [Multiverse-Portals]  Found WorldEdit. Using it for selections.
2012-01-18 06:44:56 [INFO] [Multiverse-Portals]  0 - Portals(s) loaded
2012-01-18 06:44:57 [INFO] [Multiverse-Portals]  Found WorldEdit. Using it for selections.
2012-01-23 16:50:42 [INFO] [Multiverse-Portals]  0 - Portals(s) loaded
2012-01-23 16:50:42 [INFO] [Multiverse-Portals]  Found WorldEdit. Using it for selections.
2012-01-23 16:51:12 [INFO] [Multiverse-Portals]  0 - Portals(s) loaded
2012-01-23 16:51:13 [INFO] [Multiverse-Portals]  Found WorldEdit. Using it for selections.
2012-01-23 17:09:31 [INFO] [Multiverse-Portals]  0 - Portals(s) loaded
2012-01-23 17:09:31 [INFO] [Multiverse-Portals]  Found WorldEdit. Using it for selections.
2012-01-23 17:11:21 [INFO] [Multiverse-Portals]  0 - Portals(s) loaded
2012-01-23 17:11:22 [INFO] [Multiverse-Portals]  Found WorldEdit. Using it for selections.
2012-01-23 17:12:45 [INFO] [Multiverse-Portals]  0 - Portals(s) loaded
2012-01-23 17:12:46 [INFO] [Multiverse-Portals]  Found WorldEdit. Using it for selections.
2012-02-12 16:31:44 [INFO] [Multiverse-Portals]  0 - Portals(s) loaded
2012-02-12 16:31:45 [INFO] [Multiverse-Portals]  Found WorldEdit. Using it for selections.
2012-02-12 16:32:56 [INFO] [Multiverse-Portals]  0 - Portals(s) loaded
2012-02-12 16:41:32 [INFO] [Multiverse-Portals]  0 - Portals(s) loaded
2012-02-12 17:55:11 [INFO] [Multiverse-Portals]  0 - Portals(s) loaded
2012-02-12 17:59:25 [INFO] [Multiverse-Portals]  0 - Portals(s) loaded
2012-02-12 18:34:49 [INFO] [Multiverse-Portals]  0 - Portals(s) loaded
2012-02-12 18:41:59 [INFO] [Multiverse-Portals]  0 - Portals(s) loaded
2012-02-12 18:44:13 [INFO] [Multiverse-Portals]  0 - Portals(s) loaded
2012-02-12 18:53:17 [INFO] [Multiverse-Portals]  0 - Portals(s) loaded
2012-02-15 20:13:53 [INFO] [Multiverse-Portals]  0 - Portals(s) loaded
2012-02-17 19:14:49 [INFO] [Multiverse-Portals]  0 - Portals(s) loaded
2012-02-17 19:16:16 [INFO] [Multiverse-Portals]  0 - Portals(s) loaded
2012-02-17 19:17:20 [INFO] [Multiverse-Portals]  0 - Portals(s) loaded
2012-02-17 21:25:34 [INFO] [Multiverse-Portals]  0 - Portals(s) loaded
2012-02-17 21:54:33 [INFO] [Multiverse-Portals]  0 - Portals(s) loaded
2012-02-17 21:56:13 [INFO] [Multiverse-Portals]  0 - Portals(s) loaded
2012-02-19 16:04:28 [INFO] [Multiverse-Portals]  0 - Portals(s) loaded
2012-02-19 23:30:40 [INFO] [Multiverse-Portals]  0 - Portals(s) loaded
2012-02-20 04:04:45 [INFO] [Multiverse-Portals]  0 - Portals(s) loaded
2012-02-20 04:05:48 [INFO] [Multiverse-Portals]  0 - Portals(s) loaded
2012-02-20 11:40:09 [INFO] [Multiverse-Portals]  0 - Portals(s) loaded
2012-02-20 21:16:06 [INFO] [Multiverse-Portals]  0 - Portals(s) loaded
2012-02-20 21:49:20 [INFO] [Multiverse-Portals]  0 - Portals(s) loaded
2012-02-20 22:01:12 [INFO] [Multiverse-Portals]  0 - Portals(s) loaded
2012-02-21 22:21:29 [INFO] [Multiverse-Portals]  0 - Portals(s) loaded
2012-02-22 13:45:25 [INFO] [Multiverse-Portals]  0 - Portals(s) loaded
2012-02-22 19:03:49 [INFO] [Multiverse-Portals]  0 - Portals(s) loaded
2012-02-22 20:08:41 [INFO] [Multiverse-Portals]  0 - Portals(s) loaded
2012-02-22 23:52:13 [INFO] [Multiverse-Portals]  0 - Portals(s) loaded
2012-02-22 23:56:58 [INFO] [Multiverse-Portals]  0 - Portals(s) loaded
2012-02-23 00:42:12 [INFO] [Multiverse-Portals]  0 - Portals(s) loaded
2012-02-24 11:16:55 [INFO] [Multiverse-Portals]  0 - Portals(s) loaded
2012-02-24 12:06:30 [INFO] [Multiverse-Portals]  0 - Portals(s) loaded
2012-02-24 12:15:28 [INFO] [Multiverse-Portals]  0 - Portals(s) loaded
2012-02-25 17:29:29 [INFO] [Multiverse-Portals]  1 - Portals(s) loaded
2012-02-27 20:11:58 [INFO] [Multiverse-Portals]  5 - Portals(s) loaded
2012-02-28 21:35:59 [INFO] [Multiverse-Portals]  5 - Portals(s) loaded
2012-03-03 00:03:48 [INFO] [Multiverse-Portals]  5 - Portals(s) loaded
2012-03-04 16:13:10 [INFO] [Multiverse-Portals]  5 - Portals(s) loaded
2012-03-04 16:23:38 [INFO] [Multiverse-Portals]  5 - Portals(s) loaded
2012-03-04 16:25:40 [INFO] [Multiverse-Portals]  5 - Portals(s) loaded
2012-03-04 16:27:46 [INFO] [Multiverse-Portals]  5 - Portals(s) loaded
2012-03-04 16:41:44 [INFO] [Multiverse-Portals]  5 - Portals(s) loaded
2012-03-11 21:28:11 [INFO] [Multiverse-Portals]  5 - Portals(s) loaded
2012-03-11 21:32:28 [INFO] [Multiverse-Portals]  5 - Portals(s) loaded
2012-03-15 12:22:57 [INFO] [Multiverse-Portals]  5 - Portals(s) loaded
2012-03-15 12:24:27 [INFO] [Multiverse-Portals]  5 - Portals(s) loaded
2012-03-17 00:07:18 [INFO] [Multiverse-Portals]  5 - Portals(s) loaded
2012-03-17 00:39:55 [INFO] [Multiverse-Portals]  5 - Portals(s) loaded
2012-03-17 00:49:00 [INFO] [Multiverse-Portals]  5 - Portals(s) loaded
2012-03-17 11:47:52 [INFO] [Multiverse-Portals]  5 - Portals(s) loaded
2012-03-17 11:51:47 [INFO] [Multiverse-Portals]  5 - Portals(s) loaded
2012-03-17 12:26:16 [INFO] [Multiverse-Portals]  5 - Portals(s) loaded
2012-03-17 12:32:37 [INFO] [Multiverse-Portals]  5 - Portals(s) loaded
2012-03-17 13:13:10 [INFO] [Multiverse-Portals]  5 - Portals(s) loaded
2012-03-17 13:33:24 [INFO] [Multiverse-Portals]  5 - Portals(s) loaded
2012-03-17 17:42:57 [INFO] [Multiverse-Portals]  5 - Portals(s) loaded
2012-03-18 12:26:25 [INFO] [Multiverse-Portals]  5 - Portals(s) loaded
2012-03-18 12:29:05 [INFO] [Multiverse-Portals]  5 - Portals(s) loaded
2012-03-24 14:17:02 [INFO] [Multiverse-Portals]  10 - Portals(s) loaded
2012-03-24 14:20:17 [INFO] [Multiverse-Portals]  10 - Portals(s) loaded
2012-03-24 16:08:48 [INFO] [Multiverse-Portals]  12 - Portals(s) loaded
2012-03-24 16:14:15 [INFO] [Multiverse-Portals]  12 - Portals(s) loaded
2012-03-24 16:53:38 [INFO] [Multiverse-Portals]  12 - Portals(s) loaded
2012-03-29 21:02:09 [INFO] [Multiverse-Portals]  12 - Portals(s) loaded
2012-04-03 20:48:18 [WARNING] [Multiverse-Portals]  Failed Parsing World for: gateportal (World Error, World did not exist or was not imported into Multiverse-Core!)
2012-04-03 20:48:18 [WARNING] [Multiverse-Portals]  Portal gateportal has an invalid LOCATION!
2012-04-03 20:48:18 [WARNING] [Multiverse-Portals]  Failed Parsing World for: toGate (World Error, World did not exist or was not imported into Multiverse-Core!)
2012-04-03 20:48:18 [WARNING] [Multiverse-Portals]  Portal toGate has an invalid LOCATION!
2012-04-03 20:48:18 [INFO] [Multiverse-Portals]  12 - Portals(s) loaded
2012-04-03 20:49:13 [INFO] [Multiverse-Portals]  12 - Portals(s) loaded
2012-04-14 16:05:16 [INFO] [Multiverse-Portals]  12 - Portals(s) loaded
2012-04-14 16:07:20 [INFO] [Multiverse-Portals]  12 - Portals(s) loaded
2012-04-15 10:31:57 [INFO] [Multiverse-Portals]  12 - Portals(s) loaded
2012-04-15 10:34:58 [INFO] [Multiverse-Portals]  12 - Portals(s) loaded
2012-04-16 21:09:18 [INFO] [Multiverse-Portals]  12 - Portals(s) loaded
2012-04-16 22:15:43 [INFO] [Multiverse-Portals]  18 - Portals(s) loaded
2012-04-16 22:21:11 [INFO] [Multiverse-Portals]  18 - Portals(s) loaded
2012-04-16 22:26:07 [INFO] [Multiverse-Portals]  18 - Portals(s) loaded
2012-04-17 21:47:18 [INFO] [Multiverse-Portals]  18 - Portals(s) loaded
2012-04-17 22:57:11 [WARNING] [Multiverse-Portals]  Failed Parsing World for: toN (World Error, World did not exist or was not imported into Multiverse-Core!)
2012-04-17 22:57:11 [WARNING] [Multiverse-Portals]  Portal toN has an invalid LOCATION!
2012-04-17 22:57:11 [WARNING] [Multiverse-Portals]  Portal 'toN' not loaded due to invalid location!
2012-04-17 22:57:11 [INFO] [Multiverse-Portals]  18 - Portals(s) loaded
2012-04-17 23:00:23 [INFO] [Multiverse-Portals]  18 - Portals(s) loaded
2012-04-18 00:20:25 [INFO] [Multiverse-Portals]  18 - Portals(s) loaded
2012-04-19 00:20:33 [WARNING] [Multiverse-Portals]  Failed Parsing World for: toN (World Error, World did not exist or was not imported into Multiverse-Core!)
2012-04-19 00:20:33 [WARNING] [Multiverse-Portals]  Portal toN has an invalid LOCATION!
2012-04-19 00:20:33 [WARNING] [Multiverse-Portals]  Portal 'toN' not loaded due to invalid location!
2012-04-19 00:20:33 [INFO] [Multiverse-Portals]  18 - Portals(s) loaded
2012-04-19 00:25:30 [WARNING] [Multiverse-Portals]  Failed Parsing World for: toN (World Error, World did not exist or was not imported into Multiverse-Core!)
2012-04-19 00:25:30 [WARNING] [Multiverse-Portals]  Portal toN has an invalid LOCATION!
2012-04-19 00:25:30 [WARNING] [Multiverse-Portals]  Portal 'toN' not loaded due to invalid location!
2012-04-19 00:25:30 [INFO] [Multiverse-Portals]  18 - Portals(s) loaded
2012-04-19 18:34:54 [WARNING] [Multiverse-Portals]  Failed Parsing World for: toN (World Error, World did not exist or was not imported into Multiverse-Core!)
2012-04-19 18:34:54 [WARNING] [Multiverse-Portals]  Portal toN has an invalid LOCATION!
2012-04-19 18:34:54 [WARNING] [Multiverse-Portals]  Portal 'toN' not loaded due to invalid location!
2012-04-19 18:34:54 [INFO] [Multiverse-Portals]  18 - Portals(s) loaded
2012-04-19 18:37:57 [WARNING] [Multiverse-Portals]  Failed Parsing World for: toN (World Error, World did not exist or was not imported into Multiverse-Core!)
2012-04-19 18:37:57 [WARNING] [Multiverse-Portals]  Portal toN has an invalid LOCATION!
2012-04-19 18:37:57 [WARNING] [Multiverse-Portals]  Portal 'toN' not loaded due to invalid location!
2012-04-19 18:37:57 [INFO] [Multiverse-Portals]  18 - Portals(s) loaded
2012-04-19 19:22:04 [WARNING] [Multiverse-Portals]  Failed Parsing World for: toN (World Error, World did not exist or was not imported into Multiverse-Core!)
2012-04-19 19:22:04 [WARNING] [Multiverse-Portals]  Portal toN has an invalid LOCATION!
2012-04-19 19:22:04 [WARNING] [Multiverse-Portals]  Portal 'toN' not loaded due to invalid location!
2012-04-19 19:22:04 [INFO] [Multiverse-Portals]  18 - Portals(s) loaded
2012-04-19 22:01:02 [WARNING] [Multiverse-Portals]  Failed Parsing World for: toN (World Error, World did not exist or was not imported into Multiverse-Core!)
2012-04-19 22:01:02 [WARNING] [Multiverse-Portals]  Portal toN has an invalid LOCATION!
2012-04-19 22:01:02 [WARNING] [Multiverse-Portals]  Portal 'toN' not loaded due to invalid location!
2012-04-19 22:01:02 [INFO] [Multiverse-Portals]  18 - Portals(s) loaded
2012-04-19 22:05:37 [WARNING] [Multiverse-Portals]  Failed Parsing World for: toN (World Error, World did not exist or was not imported into Multiverse-Core!)
2012-04-19 22:05:37 [WARNING] [Multiverse-Portals]  Portal toN has an invalid LOCATION!
2012-04-19 22:05:37 [WARNING] [Multiverse-Portals]  Portal 'toN' not loaded due to invalid location!
2012-04-19 22:05:37 [INFO] [Multiverse-Portals]  18 - Portals(s) loaded
2012-04-19 22:12:42 [WARNING] [Multiverse-Portals]  Failed Parsing World for: toN (World Error, World did not exist or was not imported into Multiverse-Core!)
2012-04-19 22:12:43 [WARNING] [Multiverse-Portals]  Portal toN has an invalid LOCATION!
2012-04-19 22:12:43 [WARNING] [Multiverse-Portals]  Portal 'toN' not loaded due to invalid location!
2012-04-19 22:12:43 [INFO] [Multiverse-Portals]  18 - Portals(s) loaded
2012-04-19 22:13:52 [WARNING] [Multiverse-Portals]  Failed Parsing World for: toN (World Error, World did not exist or was not imported into Multiverse-Core!)
2012-04-19 22:13:52 [WARNING] [Multiverse-Portals]  Portal toN has an invalid LOCATION!
2012-04-19 22:13:52 [WARNING] [Multiverse-Portals]  Portal 'toN' not loaded due to invalid location!
2012-04-19 22:13:52 [INFO] [Multiverse-Portals]  18 - Portals(s) loaded
2012-04-19 22:43:33 [WARNING] [Multiverse-Portals]  Failed Parsing World for: toN (World Error, World did not exist or was not imported into Multiverse-Core!)
2012-04-19 22:43:33 [WARNING] [Multiverse-Portals]  Portal toN has an invalid LOCATION!
2012-04-19 22:43:33 [WARNING] [Multiverse-Portals]  Portal 'toN' not loaded due to invalid location!
2012-04-19 22:43:33 [INFO] [Multiverse-Portals]  18 - Portals(s) loaded
2012-04-19 23:49:42 [WARNING] [Multiverse-Portals]  Failed Parsing World for: toN (World Error, World did not exist or was not imported into Multiverse-Core!)
2012-04-19 23:49:42 [WARNING] [Multiverse-Portals]  Portal toN has an invalid LOCATION!
2012-04-19 23:49:42 [WARNING] [Multiverse-Portals]  Portal 'toN' not loaded due to invalid location!
2012-04-19 23:49:42 [INFO] [Multiverse-Portals]  18 - Portals(s) loaded
2012-04-21 05:24:09 [WARNING] [Multiverse-Portals]  Failed Parsing World for: toN (World Error, World did not exist or was not imported into Multiverse-Core!)
2012-04-21 05:24:09 [WARNING] [Multiverse-Portals]  Portal toN has an invalid LOCATION!
2012-04-21 05:24:09 [WARNING] [Multiverse-Portals]  Portal 'toN' not loaded due to invalid location!
2012-04-21 05:24:09 [INFO] [Multiverse-Portals]  18 - Portals(s) loaded
2012-04-21 05:27:56 [WARNING] [Multiverse-Portals]  Failed Parsing World for: toN (World Error, World did not exist or was not imported into Multiverse-Core!)
2012-04-21 05:27:56 [WARNING] [Multiverse-Portals]  Portal toN has an invalid LOCATION!
2012-04-21 05:27:56 [WARNING] [Multiverse-Portals]  Portal 'toN' not loaded due to invalid location!
2012-04-21 05:27:56 [INFO] [Multiverse-Portals]  18 - Portals(s) loaded
2012-04-21 15:48:15 [WARNING] [Multiverse-Portals]  Failed Parsing World for: toN (World Error, World did not exist or was not imported into Multiverse-Core!)
2012-04-21 15:48:15 [WARNING] [Multiverse-Portals]  Portal toN has an invalid LOCATION!
2012-04-21 15:48:15 [WARNING] [Multiverse-Portals]  Portal 'toN' not loaded due to invalid location!
2012-04-21 15:48:15 [INFO] [Multiverse-Portals]  18 - Portals(s) loaded
2012-04-21 16:27:26 [WARNING] [Multiverse-Portals]  Failed Parsing World for: toN (World Error, World did not exist or was not imported into Multiverse-Core!)
2012-04-21 16:27:26 [WARNING] [Multiverse-Portals]  Portal toN has an invalid LOCATION!
2012-04-21 16:27:26 [WARNING] [Multiverse-Portals]  Portal 'toN' not loaded due to invalid location!
2012-04-21 16:27:26 [INFO] [Multiverse-Portals]  18 - Portals(s) loaded
2012-04-21 16:36:02 [WARNING] [Multiverse-Portals]  Failed Parsing World for: toN (World Error, World did not exist or was not imported into Multiverse-Core!)
2012-04-21 16:36:02 [WARNING] [Multiverse-Portals]  Portal toN has an invalid LOCATION!
2012-04-21 16:36:02 [WARNING] [Multiverse-Portals]  Portal 'toN' not loaded due to invalid location!
2012-04-21 16:36:02 [INFO] [Multiverse-Portals]  18 - Portals(s) loaded
2012-04-22 01:20:25 [WARNING] [Multiverse-Portals]  Failed Parsing World for: toN (World Error, World did not exist or was not imported into Multiverse-Core!)
2012-04-22 01:20:25 [WARNING] [Multiverse-Portals]  Portal toN has an invalid LOCATION!
2012-04-22 01:20:25 [WARNING] [Multiverse-Portals]  Portal 'toN' not loaded due to invalid location!
2012-04-22 01:20:25 [INFO] [Multiverse-Portals]  18 - Portals(s) loaded
2012-04-22 01:31:37 [WARNING] [Multiverse-Portals]  Failed Parsing World for: toN (World Error, World did not exist or was not imported into Multiverse-Core!)
2012-04-22 01:31:37 [WARNING] [Multiverse-Portals]  Portal toN has an invalid LOCATION!
2012-04-22 01:31:37 [WARNING] [Multiverse-Portals]  Portal 'toN' not loaded due to invalid location!
2012-04-22 01:31:37 [INFO] [Multiverse-Portals]  18 - Portals(s) loaded
2012-04-22 02:24:33 [WARNING] [Multiverse-Portals]  Failed Parsing World for: toN (World Error, World did not exist or was not imported into Multiverse-Core!)
2012-04-22 02:24:33 [WARNING] [Multiverse-Portals]  Portal toN has an invalid LOCATION!
2012-04-22 02:24:33 [WARNING] [Multiverse-Portals]  Portal 'toN' not loaded due to invalid location!
2012-04-22 02:24:33 [INFO] [Multiverse-Portals]  18 - Portals(s) loaded
2012-04-22 13:10:20 [WARNING] [Multiverse-Portals]  Failed Parsing World for: toN (World Error, World did not exist or was not imported into Multiverse-Core!)
2012-04-22 13:10:20 [WARNING] [Multiverse-Portals]  Portal toN has an invalid LOCATION!
2012-04-22 13:10:20 [WARNING] [Multiverse-Portals]  Portal 'toN' not loaded due to invalid location!
2012-04-22 13:10:20 [INFO] [Multiverse-Portals]  18 - Portals(s) loaded
2012-04-22 13:13:04 [WARNING] [Multiverse-Portals]  Failed Parsing World for: toN (World Error, World did not exist or was not imported into Multiverse-Core!)
2012-04-22 13:13:04 [WARNING] [Multiverse-Portals]  Portal toN has an invalid LOCATION!
2012-04-22 13:13:04 [WARNING] [Multiverse-Portals]  Portal 'toN' not loaded due to invalid location!
2012-04-22 13:13:04 [INFO] [Multiverse-Portals]  18 - Portals(s) loaded
2012-04-22 18:51:36 [WARNING] [Multiverse-Portals]  Failed Parsing World for: toN (World Error, World did not exist or was not imported into Multiverse-Core!)
2012-04-22 18:51:36 [WARNING] [Multiverse-Portals]  Portal toN has an invalid LOCATION!
2012-04-22 18:51:36 [WARNING] [Multiverse-Portals]  Portal 'toN' not loaded due to invalid location!
2012-04-22 18:51:36 [INFO] [Multiverse-Portals]  18 - Portals(s) loaded
2012-04-27 17:12:22 [WARNING] [Multiverse-Portals]  Failed Parsing World for: toN (World Error, World did not exist or was not imported into Multiverse-Core!)
2012-04-27 17:12:22 [WARNING] [Multiverse-Portals]  Portal toN has an invalid LOCATION!
2012-04-27 17:12:22 [WARNING] [Multiverse-Portals]  Portal 'toN' not loaded due to invalid location!
2012-04-27 17:12:22 [INFO] [Multiverse-Portals]  18 - Portals(s) loaded
2012-04-27 18:45:01 [WARNING] [Multiverse-Portals]  Failed Parsing World for: toN (World Error, World did not exist or was not imported into Multiverse-Core!)
2012-04-27 18:45:01 [WARNING] [Multiverse-Portals]  Portal toN has an invalid LOCATION!
2012-04-27 18:45:01 [WARNING] [Multiverse-Portals]  Portal 'toN' not loaded due to invalid location!
2012-04-27 18:45:01 [INFO] [Multiverse-Portals]  18 - Portals(s) loaded
2012-04-27 22:28:02 [WARNING] [Multiverse-Portals]  Failed Parsing World for: toN (World Error, World did not exist or was not imported into Multiverse-Core!)
2012-04-27 22:28:02 [WARNING] [Multiverse-Portals]  Portal toN has an invalid LOCATION!
2012-04-27 22:28:02 [WARNING] [Multiverse-Portals]  Portal 'toN' not loaded due to invalid location!
2012-04-27 22:28:02 [INFO] [Multiverse-Portals]  18 - Portals(s) loaded
2012-04-27 23:40:06 [WARNING] [Multiverse-Portals]  Failed Parsing World for: toN (World Error, World did not exist or was not imported into Multiverse-Core!)
2012-04-27 23:40:06 [WARNING] [Multiverse-Portals]  Portal toN has an invalid LOCATION!
2012-04-27 23:40:06 [WARNING] [Multiverse-Portals]  Portal 'toN' not loaded due to invalid location!
2012-04-27 23:40:06 [INFO] [Multiverse-Portals]  18 - Portals(s) loaded
2012-04-27 23:46:02 [WARNING] [Multiverse-Portals]  Failed Parsing World for: toN (World Error, World did not exist or was not imported into Multiverse-Core!)
2012-04-27 23:46:02 [WARNING] [Multiverse-Portals]  Portal toN has an invalid LOCATION!
2012-04-27 23:46:02 [WARNING] [Multiverse-Portals]  Portal 'toN' not loaded due to invalid location!
2012-04-27 23:46:02 [INFO] [Multiverse-Portals]  18 - Portals(s) loaded
2012-04-28 01:01:52 [WARNING] [Multiverse-Portals]  Failed Parsing World for: toN (World Error, World did not exist or was not imported into Multiverse-Core!)
2012-04-28 01:01:52 [WARNING] [Multiverse-Portals]  Portal toN has an invalid LOCATION!
2012-04-28 01:01:52 [WARNING] [Multiverse-Portals]  Portal 'toN' not loaded due to invalid location!
2012-04-28 01:01:52 [INFO] [Multiverse-Portals]  18 - Portals(s) loaded
2012-04-28 23:35:41 [WARNING] [Multiverse-Portals]  Failed Parsing World for: toN (World Error, World did not exist or was not imported into Multiverse-Core!)
2012-04-28 23:35:41 [WARNING] [Multiverse-Portals]  Portal toN has an invalid LOCATION!
2012-04-28 23:35:41 [WARNING] [Multiverse-Portals]  Portal 'toN' not loaded due to invalid location!
2012-04-28 23:35:41 [INFO] [Multiverse-Portals]  18 - Portals(s) loaded
2012-04-29 00:20:02 [WARNING] [Multiverse-Portals]  Failed Parsing World for: toN (World Error, World did not exist or was not imported into Multiverse-Core!)
2012-04-29 00:20:02 [WARNING] [Multiverse-Portals]  Portal toN has an invalid LOCATION!
2012-04-29 00:20:02 [WARNING] [Multiverse-Portals]  Portal 'toN' not loaded due to invalid location!
2012-04-29 00:20:02 [INFO] [Multiverse-Portals]  18 - Portals(s) loaded
2012-04-29 00:27:15 [WARNING] [Multiverse-Portals]  Failed Parsing World for: toN (World Error, World did not exist or was not imported into Multiverse-Core!)
2012-04-29 00:27:15 [WARNING] [Multiverse-Portals]  Portal toN has an invalid LOCATION!
2012-04-29 00:27:15 [WARNING] [Multiverse-Portals]  Portal 'toN' not loaded due to invalid location!
2012-04-29 00:27:15 [INFO] [Multiverse-Portals]  18 - Portals(s) loaded
2012-04-29 11:25:20 [WARNING] [Multiverse-Portals]  Failed Parsing World for: toNetherH (World Error, World did not exist or was not imported into Multiverse-Core!)
2012-04-29 11:25:20 [WARNING] [Multiverse-Portals]  Portal toNetherH has an invalid LOCATION!
2012-04-29 11:25:20 [WARNING] [Multiverse-Portals]  Portal 'toNetherH' not loaded due to invalid location!
2012-04-29 11:25:20 [WARNING] [Multiverse-Portals]  Failed Parsing World for: toN (World Error, World did not exist or was not imported into Multiverse-Core!)
2012-04-29 11:25:20 [WARNING] [Multiverse-Portals]  Portal toN has an invalid LOCATION!
2012-04-29 11:25:20 [WARNING] [Multiverse-Portals]  Portal 'toN' not loaded due to invalid location!
2012-04-29 11:25:20 [INFO] [Multiverse-Portals]  18 - Portals(s) loaded
2012-04-29 11:44:57 [WARNING] [Multiverse-Portals]  Failed Parsing World for: toN (World Error, World did not exist or was not imported into Multiverse-Core!)
2012-04-29 11:44:57 [WARNING] [Multiverse-Portals]  Portal toN has an invalid LOCATION!
2012-04-29 11:44:57 [WARNING] [Multiverse-Portals]  Portal 'toN' not loaded due to invalid location!
2012-04-29 11:44:57 [INFO] [Multiverse-Portals]  18 - Portals(s) loaded
2012-04-29 13:28:20 [WARNING] [Multiverse-Portals]  Failed Parsing World for: toN (World Error, World did not exist or was not imported into Multiverse-Core!)
2012-04-29 13:28:20 [WARNING] [Multiverse-Portals]  Portal toN has an invalid LOCATION!
2012-04-29 13:28:20 [WARNING] [Multiverse-Portals]  Portal 'toN' not loaded due to invalid location!
2012-04-29 13:28:20 [INFO] [Multiverse-Portals]  18 - Portals(s) loaded
2012-04-29 13:35:19 [WARNING] [Multiverse-Portals]  Failed Parsing World for: toN (World Error, World did not exist or was not imported into Multiverse-Core!)
2012-04-29 13:35:19 [WARNING] [Multiverse-Portals]  Portal toN has an invalid LOCATION!
2012-04-29 13:35:19 [WARNING] [Multiverse-Portals]  Portal 'toN' not loaded due to invalid location!
2012-04-29 13:35:19 [INFO] [Multiverse-Portals]  18 - Portals(s) loaded
2012-05-02 21:15:11 [WARNING] [Multiverse-Portals]  Failed Parsing World for: toN (World Error, World did not exist or was not imported into Multiverse-Core!)
2012-05-02 21:15:11 [WARNING] [Multiverse-Portals]  Portal toN has an invalid LOCATION!
2012-05-02 21:15:11 [WARNING] [Multiverse-Portals]  Portal 'toN' not loaded due to invalid location!
2012-05-02 21:15:11 [INFO] [Multiverse-Portals]  18 - Portals(s) loaded
2012-05-04 20:03:24 [WARNING] [Multiverse-Portals]  Failed Parsing World for: toN (World Error, World did not exist or was not imported into Multiverse-Core!)
2012-05-04 20:03:24 [WARNING] [Multiverse-Portals]  Portal toN has an invalid LOCATION!
2012-05-04 20:03:24 [WARNING] [Multiverse-Portals]  Portal 'toN' not loaded due to invalid location!
2012-05-04 20:03:24 [INFO] [Multiverse-Portals]  18 - Portals(s) loaded
2012-05-04 20:57:15 [WARNING] [Multiverse-Portals]  Failed Parsing World for: toN (World Error, World did not exist or was not imported into Multiverse-Core!)
2012-05-04 20:57:15 [WARNING] [Multiverse-Portals]  Portal toN has an invalid LOCATION!
2012-05-04 20:57:15 [WARNING] [Multiverse-Portals]  Portal 'toN' not loaded due to invalid location!
2012-05-04 20:57:15 [INFO] [Multiverse-Portals]  18 - Portals(s) loaded
2012-05-04 21:30:13 [WARNING] [Multiverse-Portals]  Failed Parsing World for: toN (World Error, World did not exist or was not imported into Multiverse-Core!)
2012-05-04 21:30:13 [WARNING] [Multiverse-Portals]  Portal toN has an invalid LOCATION!
2012-05-04 21:30:13 [WARNING] [Multiverse-Portals]  Portal 'toN' not loaded due to invalid location!
2012-05-04 21:30:13 [INFO] [Multiverse-Portals]  18 - Portals(s) loaded
2012-05-04 21:51:09 [WARNING] [Multiverse-Portals]  Failed Parsing World for: toN (World Error, World did not exist or was not imported into Multiverse-Core!)
2012-05-04 21:51:09 [WARNING] [Multiverse-Portals]  Portal toN has an invalid LOCATION!
2012-05-04 21:51:09 [WARNING] [Multiverse-Portals]  Portal 'toN' not loaded due to invalid location!
2012-05-04 21:51:09 [INFO] [Multiverse-Portals]  18 - Portals(s) loaded
2012-05-04 23:52:19 [WARNING] [Multiverse-Portals]  Failed Parsing World for: toN (World Error, World did not exist or was not imported into Multiverse-Core!)
2012-05-04 23:52:19 [WARNING] [Multiverse-Portals]  Portal toN has an invalid LOCATION!
2012-05-04 23:52:19 [WARNING] [Multiverse-Portals]  Portal 'toN' not loaded due to invalid location!
2012-05-04 23:52:19 [INFO] [Multiverse-Portals]  18 - Portals(s) loaded
2012-05-05 12:58:42 [WARNING] [Multiverse-Portals]  Failed Parsing World for: toN (World Error, World did not exist or was not imported into Multiverse-Core!)
2012-05-05 12:58:42 [WARNING] [Multiverse-Portals]  Portal toN has an invalid LOCATION!
2012-05-05 12:58:42 [WARNING] [Multiverse-Portals]  Portal 'toN' not loaded due to invalid location!
2012-05-05 12:58:42 [INFO] [Multiverse-Portals]  18 - Portals(s) loaded
2012-05-06 12:53:28 [WARNING] [Multiverse-Portals]  Failed Parsing World for: toN (World Error, World did not exist or was not imported into Multiverse-Core!)
2012-05-06 12:53:28 [WARNING] [Multiverse-Portals]  Portal toN has an invalid LOCATION!
2012-05-06 12:53:28 [WARNING] [Multiverse-Portals]  Portal 'toN' not loaded due to invalid location!
2012-05-06 12:53:28 [INFO] [Multiverse-Portals]  18 - Portals(s) loaded
2012-05-06 13:28:19 [WARNING] [Multiverse-Portals]  Failed Parsing World for: toN (World Error, World did not exist or was not imported into Multiverse-Core!)
2012-05-06 13:28:19 [WARNING] [Multiverse-Portals]  Portal toN has an invalid LOCATION!
2012-05-06 13:28:19 [WARNING] [Multiverse-Portals]  Portal 'toN' not loaded due to invalid location!
2012-05-06 13:28:19 [INFO] [Multiverse-Portals]  18 - Portals(s) loaded
2012-05-12 11:47:39 [WARNING] [Multiverse-Portals]  Failed Parsing World for: toN (World Error, World did not exist or was not imported into Multiverse-Core!)
2012-05-12 11:47:39 [WARNING] [Multiverse-Portals]  Portal toN has an invalid LOCATION!
2012-05-12 11:47:39 [WARNING] [Multiverse-Portals]  Portal 'toN' not loaded due to invalid location!
2012-05-12 11:47:39 [INFO] [Multiverse-Portals]  18 - Portals(s) loaded
2012-05-12 13:49:31 [WARNING] [Multiverse-Portals]  Failed Parsing World for: toN (World Error, World did not exist or was not imported into Multiverse-Core!)
2012-05-12 13:49:31 [WARNING] [Multiverse-Portals]  Portal toN has an invalid LOCATION!
2012-05-12 13:49:31 [WARNING] [Multiverse-Portals]  Portal 'toN' not loaded due to invalid location!
2012-05-12 13:49:31 [INFO] [Multiverse-Portals]  18 - Portals(s) loaded
2012-05-13 21:23:48 [WARNING] [Multiverse-Portals]  Failed Parsing World for: toN (World Error, World did not exist or was not imported into Multiverse-Core!)
2012-05-13 21:23:48 [WARNING] [Multiverse-Portals]  Portal toN has an invalid LOCATION!
2012-05-13 21:23:48 [WARNING] [Multiverse-Portals]  Portal 'toN' not loaded due to invalid location!
2012-05-13 21:23:48 [INFO] [Multiverse-Portals]  18 - Portals(s) loaded
2012-05-13 21:35:22 [WARNING] [Multiverse-Portals]  Failed Parsing World for: toN (World Error, World did not exist or was not imported into Multiverse-Core!)
2012-05-13 21:35:22 [WARNING] [Multiverse-Portals]  Portal toN has an invalid LOCATION!
2012-05-13 21:35:22 [WARNING] [Multiverse-Portals]  Portal 'toN' not loaded due to invalid location!
2012-05-13 21:35:22 [INFO] [Multiverse-Portals]  18 - Portals(s) loaded
2012-05-14 20:19:27 [WARNING] [Multiverse-Portals]  Failed Parsing World for: toN (World Error, World did not exist or was not imported into Multiverse-Core!)
2012-05-14 20:19:28 [WARNING] [Multiverse-Portals]  Portal toN has an invalid LOCATION!
2012-05-14 20:19:28 [WARNING] [Multiverse-Portals]  Portal 'toN' not loaded due to invalid location!
2012-05-14 20:19:28 [INFO] [Multiverse-Portals]  18 - Portals(s) loaded
2012-05-16 20:54:45 [WARNING] [Multiverse-Portals]  Failed Parsing World for: toN (World Error, World did not exist or was not imported into Multiverse-Core!)
2012-05-16 20:54:45 [WARNING] [Multiverse-Portals]  Portal toN has an invalid LOCATION!
2012-05-16 20:54:45 [WARNING] [Multiverse-Portals]  Portal 'toN' not loaded due to invalid location!
2012-05-16 20:54:45 [INFO] [Multiverse-Portals]  18 - Portals(s) loaded
2012-05-16 20:55:40 [WARNING] [Multiverse-Portals]  Failed Parsing World for: toN (World Error, World did not exist or was not imported into Multiverse-Core!)
2012-05-16 20:55:40 [WARNING] [Multiverse-Portals]  Portal toN has an invalid LOCATION!
2012-05-16 20:55:40 [WARNING] [Multiverse-Portals]  Portal 'toN' not loaded due to invalid location!
2012-05-16 20:55:40 [INFO] [Multiverse-Portals]  18 - Portals(s) loaded
2012-05-18 19:07:13 [WARNING] [Multiverse-Portals]  Failed Parsing World for: toN (World Error, World did not exist or was not imported into Multiverse-Core!)
2012-05-18 19:07:13 [WARNING] [Multiverse-Portals]  Portal toN has an invalid LOCATION!
2012-05-18 19:07:13 [WARNING] [Multiverse-Portals]  Portal 'toN' not loaded due to invalid location!
2012-05-18 19:07:13 [INFO] [Multiverse-Portals]  18 - Portals(s) loaded
2012-05-18 19:14:48 [WARNING] [Multiverse-Portals]  Failed Parsing World for: toN (World Error, World did not exist or was not imported into Multiverse-Core!)
2012-05-18 19:14:48 [WARNING] [Multiverse-Portals]  Portal toN has an invalid LOCATION!
2012-05-18 19:14:48 [WARNING] [Multiverse-Portals]  Portal 'toN' not loaded due to invalid location!
2012-05-18 19:14:48 [INFO] [Multiverse-Portals]  18 - Portals(s) loaded
2012-05-20 15:02:38 [WARNING] [Multiverse-Portals]  Failed Parsing World for: toN (World Error, World did not exist or was not imported into Multiverse-Core!)
2012-05-20 15:02:38 [WARNING] [Multiverse-Portals]  Portal toN has an invalid LOCATION!
2012-05-20 15:02:38 [WARNING] [Multiverse-Portals]  Portal 'toN' not loaded due to invalid location!
2012-05-20 15:02:38 [INFO] [Multiverse-Portals]  18 - Portals(s) loaded
2012-05-20 20:41:22 [WARNING] [Multiverse-Portals]  Failed Parsing World for: toN (World Error, World did not exist or was not imported into Multiverse-Core!)
2012-05-20 20:41:22 [WARNING] [Multiverse-Portals]  Portal toN has an invalid LOCATION!
2012-05-20 20:41:22 [WARNING] [Multiverse-Portals]  Portal 'toN' not loaded due to invalid location!
2012-05-20 20:41:22 [INFO] [Multiverse-Portals]  18 - Portals(s) loaded
2012-05-26 12:08:21 [WARNING] [Multiverse-Portals]  Failed Parsing World for: toN (World Error, World did not exist or was not imported into Multiverse-Core!)
2012-05-26 12:08:21 [WARNING] [Multiverse-Portals]  Portal toN has an invalid LOCATION!
2012-05-26 12:08:21 [WARNING] [Multiverse-Portals]  Portal 'toN' not loaded due to invalid location!
2012-05-26 12:08:21 [INFO] [Multiverse-Portals]  18 - Portals(s) loaded
2012-05-31 20:01:16 [WARNING] [Multiverse-Portals]  Failed Parsing World for: toN (World Error, World did not exist or was not imported into Multiverse-Core!)
2012-05-31 20:01:16 [WARNING] [Multiverse-Portals]  Portal toN has an invalid LOCATION!
2012-05-31 20:01:16 [WARNING] [Multiverse-Portals]  Portal 'toN' not loaded due to invalid location!
2012-05-31 20:01:16 [INFO] [Multiverse-Portals]  18 - Portals(s) loaded
2012-05-31 20:02:15 [WARNING] [Multiverse-Portals]  Failed Parsing World for: toN (World Error, World did not exist or was not imported into Multiverse-Core!)
2012-05-31 20:02:15 [WARNING] [Multiverse-Portals]  Portal toN has an invalid LOCATION!
2012-05-31 20:02:15 [WARNING] [Multiverse-Portals]  Portal 'toN' not loaded due to invalid location!
2012-05-31 20:02:15 [INFO] [Multiverse-Portals]  18 - Portals(s) loaded
2012-06-02 15:41:17 [WARNING] [Multiverse-Portals]  Failed Parsing World for: toN (World Error, World did not exist or was not imported into Multiverse-Core!)
2012-06-02 15:41:17 [WARNING] [Multiverse-Portals]  Portal toN has an invalid LOCATION!
2012-06-02 15:41:17 [WARNING] [Multiverse-Portals]  Portal 'toN' not loaded due to invalid location!
2012-06-02 15:41:17 [INFO] [Multiverse-Portals]  18 - Portals(s) loaded
2012-06-02 22:11:47 [WARNING] [Multiverse-Portals]  Failed Parsing World for: toN (World Error, World did not exist or was not imported into Multiverse-Core!)
2012-06-02 22:11:47 [WARNING] [Multiverse-Portals]  Portal toN has an invalid LOCATION!
2012-06-02 22:11:47 [WARNING] [Multiverse-Portals]  Portal 'toN' not loaded due to invalid location!
2012-06-02 22:11:47 [INFO] [Multiverse-Portals]  18 - Portals(s) loaded
2012-06-02 22:19:41 [WARNING] [Multiverse-Portals]  Failed Parsing World for: toN (World Error, World did not exist or was not imported into Multiverse-Core!)
2012-06-02 22:19:41 [WARNING] [Multiverse-Portals]  Portal toN has an invalid LOCATION!
2012-06-02 22:19:41 [WARNING] [Multiverse-Portals]  Portal 'toN' not loaded due to invalid location!
2012-06-02 22:19:41 [INFO] [Multiverse-Portals]  18 - Portals(s) loaded
2012-06-03 10:48:32 [WARNING] [Multiverse-Portals]  Failed Parsing World for: toN (World Error, World did not exist or was not imported into Multiverse-Core!)
2012-06-03 10:48:32 [WARNING] [Multiverse-Portals]  Portal toN has an invalid LOCATION!
2012-06-03 10:48:32 [WARNING] [Multiverse-Portals]  Portal 'toN' not loaded due to invalid location!
2012-06-03 10:48:32 [INFO] [Multiverse-Portals]  18 - Portals(s) loaded
2012-06-03 11:05:37 [WARNING] [Multiverse-Portals]  Failed Parsing World for: toN (World Error, World did not exist or was not imported into Multiverse-Core!)
2012-06-03 11:05:37 [WARNING] [Multiverse-Portals]  Portal toN has an invalid LOCATION!
2012-06-03 11:05:37 [WARNING] [Multiverse-Portals]  Portal 'toN' not loaded due to invalid location!
2012-06-03 11:05:37 [INFO] [Multiverse-Portals]  18 - Portals(s) loaded
2012-06-03 11:33:15 [WARNING] [Multiverse-Portals]  Failed Parsing World for: toN (World Error, World did not exist or was not imported into Multiverse-Core!)
2012-06-03 11:33:15 [WARNING] [Multiverse-Portals]  Portal toN has an invalid LOCATION!
2012-06-03 11:33:15 [WARNING] [Multiverse-Portals]  Portal 'toN' not loaded due to invalid location!
2012-06-03 11:33:15 [INFO] [Multiverse-Portals]  18 - Portals(s) loaded
2012-06-08 18:55:42 [WARNING] [Multiverse-Portals]  Failed Parsing World for: toN (World Error, World did not exist or was not imported into Multiverse-Core!)
2012-06-08 18:55:42 [WARNING] [Multiverse-Portals]  Portal toN has an invalid LOCATION!
2012-06-08 18:55:42 [WARNING] [Multiverse-Portals]  Portal 'toN' not loaded due to invalid location!
2012-06-08 18:55:42 [INFO] [Multiverse-Portals]  18 - Portals(s) loaded
2012-06-09 11:07:31 [WARNING] [Multiverse-Portals]  Failed Parsing World for: toN (World Error, World did not exist or was not imported into Multiverse-Core!)
2012-06-09 11:07:31 [WARNING] [Multiverse-Portals]  Portal toN has an invalid LOCATION!
2012-06-09 11:07:31 [WARNING] [Multiverse-Portals]  Portal 'toN' not loaded due to invalid location!
2012-06-09 11:07:31 [INFO] [Multiverse-Portals]  18 - Portals(s) loaded
2012-06-09 11:15:42 [WARNING] [Multiverse-Portals]  Failed Parsing World for: toN (World Error, World did not exist or was not imported into Multiverse-Core!)
2012-06-09 11:15:42 [WARNING] [Multiverse-Portals]  Portal toN has an invalid LOCATION!
2012-06-09 11:15:42 [WARNING] [Multiverse-Portals]  Portal 'toN' not loaded due to invalid location!
2012-06-09 11:15:42 [INFO] [Multiverse-Portals]  18 - Portals(s) loaded
2012-06-09 11:44:37 [WARNING] [Multiverse-Portals]  Failed Parsing World for: toN (World Error, World did not exist or was not imported into Multiverse-Core!)
2012-06-09 11:44:37 [WARNING] [Multiverse-Portals]  Portal toN has an invalid LOCATION!
2012-06-09 11:44:37 [WARNING] [Multiverse-Portals]  Portal 'toN' not loaded due to invalid location!
2012-06-09 11:44:37 [INFO] [Multiverse-Portals]  18 - Portals(s) loaded
2012-06-09 11:48:49 [WARNING] [Multiverse-Portals]  Failed Parsing World for: toN (World Error, World did not exist or was not imported into Multiverse-Core!)
2012-06-09 11:48:49 [WARNING] [Multiverse-Portals]  Portal toN has an invalid LOCATION!
2012-06-09 11:48:49 [WARNING] [Multiverse-Portals]  Portal 'toN' not loaded due to invalid location!
2012-06-09 11:48:49 [INFO] [Multiverse-Portals]  18 - Portals(s) loaded
2012-06-10 21:35:31 [WARNING] [Multiverse-Portals]  Failed Parsing World for: toN (World Error, World did not exist or was not imported into Multiverse-Core!)
2012-06-10 21:35:31 [WARNING] [Multiverse-Portals]  Portal toN has an invalid LOCATION!
2012-06-10 21:35:31 [WARNING] [Multiverse-Portals]  Portal 'toN' not loaded due to invalid location!
2012-06-10 21:35:31 [INFO] [Multiverse-Portals]  18 - Portals(s) loaded
2012-06-13 21:51:24 [WARNING] [Multiverse-Portals]  Failed Parsing World for: toN (World Error, World did not exist or was not imported into Multiverse-Core!)
2012-06-13 21:51:24 [WARNING] [Multiverse-Portals]  Portal toN has an invalid LOCATION!
2012-06-13 21:51:24 [WARNING] [Multiverse-Portals]  Portal 'toN' not loaded due to invalid location!
2012-06-13 21:51:24 [INFO] [Multiverse-Portals]  18 - Portals(s) loaded
2012-06-19 16:58:05 [WARNING] [Multiverse-Portals]  Failed Parsing World for: toN (World Error, World did not exist or was not imported into Multiverse-Core!)
2012-06-19 16:58:05 [WARNING] [Multiverse-Portals]  Portal toN has an invalid LOCATION!
2012-06-19 16:58:05 [WARNING] [Multiverse-Portals]  Portal 'toN' not loaded due to invalid location!
2012-06-19 16:58:05 [INFO] [Multiverse-Portals]  18 - Portals(s) loaded
2012-06-20 11:57:32 [WARNING] [Multiverse-Portals]  Failed Parsing World for: toN (World Error, World did not exist or was not imported into Multiverse-Core!)
2012-06-20 11:57:32 [WARNING] [Multiverse-Portals]  Portal toN has an invalid LOCATION!
2012-06-20 11:57:32 [WARNING] [Multiverse-Portals]  Portal 'toN' not loaded due to invalid location!
2012-06-20 11:57:32 [INFO] [Multiverse-Portals]  18 - Portals(s) loaded
2012-06-20 20:56:39 [WARNING] [Multiverse-Portals]  Failed Parsing World for: toN (World Error, World did not exist or was not imported into Multiverse-Core!)
2012-06-20 20:56:39 [WARNING] [Multiverse-Portals]  Portal toN has an invalid LOCATION!
2012-06-20 20:56:40 [WARNING] [Multiverse-Portals]  Portal 'toN' not loaded due to invalid location!
2012-06-20 20:56:40 [INFO] [Multiverse-Portals]  18 - Portals(s) loaded
2012-06-21 23:23:48 [WARNING] [Multiverse-Portals]  Failed Parsing World for: toN (World Error, World did not exist or was not imported into Multiverse-Core!)
2012-06-21 23:23:48 [WARNING] [Multiverse-Portals]  Portal toN has an invalid LOCATION!
2012-06-21 23:23:48 [WARNING] [Multiverse-Portals]  Portal 'toN' not loaded due to invalid location!
2012-06-21 23:23:48 [INFO] [Multiverse-Portals]  18 - Portals(s) loaded
2012-06-22 20:48:43 [WARNING] [Multiverse-Portals]  Failed Parsing World for: toN (World Error, World did not exist or was not imported into Multiverse-Core!)
2012-06-22 20:48:43 [WARNING] [Multiverse-Portals]  Portal toN has an invalid LOCATION!
2012-06-22 20:48:43 [WARNING] [Multiverse-Portals]  Portal 'toN' not loaded due to invalid location!
2012-06-22 20:48:43 [INFO] [Multiverse-Portals]  18 - Portals(s) loaded
2012-06-26 22:21:06 [WARNING] [Multiverse-Portals]  Failed Parsing World for: toN (World Error, World did not exist or was not imported into Multiverse-Core!)
2012-06-26 22:21:06 [WARNING] [Multiverse-Portals]  Portal toN has an invalid LOCATION!
2012-06-26 22:21:06 [WARNING] [Multiverse-Portals]  Portal 'toN' not loaded due to invalid location!
2012-06-26 22:21:06 [INFO] [Multiverse-Portals]  18 - Portals(s) loaded
2012-06-26 23:03:36 [WARNING] [Multiverse-Portals]  Failed Parsing World for: toN (World Error, World did not exist or was not imported into Multiverse-Core!)
2012-06-26 23:03:36 [WARNING] [Multiverse-Portals]  Portal toN has an invalid LOCATION!
2012-06-26 23:03:36 [WARNING] [Multiverse-Portals]  Portal 'toN' not loaded due to invalid location!
2012-06-26 23:03:36 [INFO] [Multiverse-Portals]  18 - Portals(s) loaded
2012-06-27 16:53:06 [WARNING] [Multiverse-Portals]  Failed Parsing World for: toN (World Error, World did not exist or was not imported into Multiverse-Core!)
2012-06-27 16:53:06 [WARNING] [Multiverse-Portals]  Portal toN has an invalid LOCATION!
2012-06-27 16:53:06 [WARNING] [Multiverse-Portals]  Portal 'toN' not loaded due to invalid location!
2012-06-27 16:53:06 [INFO] [Multiverse-Portals]  18 - Portals(s) loaded
2012-06-27 17:07:34 [WARNING] [Multiverse-Portals]  Failed Parsing World for: toN (World Error, World did not exist or was not imported into Multiverse-Core!)
2012-06-27 17:07:34 [WARNING] [Multiverse-Portals]  Portal toN has an invalid LOCATION!
2012-06-27 17:07:34 [WARNING] [Multiverse-Portals]  Portal 'toN' not loaded due to invalid location!
2012-06-27 17:07:34 [INFO] [Multiverse-Portals]  18 - Portals(s) loaded
2012-06-27 17:08:33 [WARNING] [Multiverse-Portals]  Failed Parsing World for: toN (World Error, World did not exist or was not imported into Multiverse-Core!)
2012-06-27 17:08:33 [WARNING] [Multiverse-Portals]  Portal toN has an invalid LOCATION!
2012-06-27 17:08:33 [WARNING] [Multiverse-Portals]  Portal 'toN' not loaded due to invalid location!
2012-06-27 17:08:33 [INFO] [Multiverse-Portals]  18 - Portals(s) loaded
2012-07-01 22:04:01 [WARNING] [Multiverse-Portals]  Failed Parsing World for: toN (World Error, World did not exist or was not imported into Multiverse-Core!)
2012-07-01 22:04:01 [WARNING] [Multiverse-Portals]  Portal toN has an invalid LOCATION!
2012-07-01 22:04:01 [WARNING] [Multiverse-Portals]  Portal 'toN' not loaded due to invalid location!
2012-07-01 22:04:01 [INFO] [Multiverse-Portals]  18 - Portals(s) loaded
2012-07-11 22:29:30 [WARNING] [Multiverse-Portals]  Failed Parsing World for: toN (World Error, World did not exist or was not imported into Multiverse-Core!)
2012-07-11 22:29:30 [WARNING] [Multiverse-Portals]  Portal toN has an invalid LOCATION!
2012-07-11 22:29:30 [WARNING] [Multiverse-Portals]  Portal 'toN' not loaded due to invalid location!
2012-07-11 22:29:30 [INFO] [Multiverse-Portals]  18 - Portals(s) loaded
2012-07-22 19:05:02 [WARNING] [Multiverse-Portals]  Failed Parsing World for: toN (World Error, World did not exist or was not imported into Multiverse-Core!)
2012-07-22 19:05:02 [WARNING] [Multiverse-Portals]  Portal toN has an invalid LOCATION!
2012-07-22 19:05:02 [WARNING] [Multiverse-Portals]  Portal 'toN' not loaded due to invalid location!
2012-07-22 19:05:02 [INFO] [Multiverse-Portals]  18 - Portals(s) loaded
2012-07-30 11:27:04 [WARNING] [Multiverse-Portals]  Failed Parsing World for: toN (World Error, World did not exist or was not imported into Multiverse-Core!)
2012-07-30 11:27:04 [WARNING] [Multiverse-Portals]  Portal toN has an invalid LOCATION!
2012-07-30 11:27:04 [WARNING] [Multiverse-Portals]  Portal 'toN' not loaded due to invalid location!
2012-07-30 11:27:04 [INFO] [Multiverse-Portals]  18 - Portals(s) loaded
2012-07-31 19:24:46 [WARNING] [Multiverse-Portals]  Failed Parsing World for: toN (World Error, World did not exist or was not imported into Multiverse-Core!)
2012-07-31 19:24:46 [WARNING] [Multiverse-Portals]  Portal toN has an invalid LOCATION!
2012-07-31 19:24:46 [WARNING] [Multiverse-Portals]  Portal 'toN' not loaded due to invalid location!
2012-07-31 19:24:46 [INFO] [Multiverse-Portals]  18 - Portals(s) loaded
2012-08-06 20:44:02 [WARNING] [Multiverse-Portals]  Failed Parsing World for: toN (World Error, World did not exist or was not imported into Multiverse-Core!)
2012-08-06 20:44:02 [WARNING] [Multiverse-Portals]  Portal toN has an invalid LOCATION!
2012-08-06 20:44:02 [WARNING] [Multiverse-Portals]  Portal 'toN' not loaded due to invalid location!
2012-08-06 20:44:02 [INFO] [Multiverse-Portals]  18 - Portals(s) loaded
2012-08-06 20:45:31 [WARNING] [Multiverse-Portals]  Failed Parsing World for: toN (World Error, World did not exist or was not imported into Multiverse-Core!)
2012-08-06 20:45:31 [WARNING] [Multiverse-Portals]  Portal toN has an invalid LOCATION!
2012-08-06 20:45:31 [WARNING] [Multiverse-Portals]  Portal 'toN' not loaded due to invalid location!
2012-08-06 20:45:32 [INFO] [Multiverse-Portals]  18 - Portals(s) loaded
2012-08-13 22:57:18 [WARNING] [Multiverse-Portals]  Failed Parsing World for: toN (World Error, World did not exist or was not imported into Multiverse-Core!)
2012-08-13 22:57:18 [WARNING] [Multiverse-Portals]  Portal toN has an invalid LOCATION!
2012-08-13 22:57:18 [WARNING] [Multiverse-Portals]  Portal 'toN' not loaded due to invalid location!
2012-08-13 22:57:18 [INFO] [Multiverse-Portals]  18 - Portals(s) loaded
