2012-08-13 23:42:54 [INFO] [InfiniteClaims] Metrics started! To opt-out go to /plugins/PluginMetrics/config.yml and change opt-out to true.
2012-08-13 23:44:52 [INFO] [InfiniteClaims] Enabled!
2012-08-13 23:45:31 [INFO] [InfiniteClaims] Disabled!
2012-08-13 23:57:19 [INFO] [InfiniteClaims] Metrics started! To opt-out go to /plugins/PluginMetrics/config.yml and change opt-out to true.
2012-08-13 23:58:44 [INFO] [InfiniteClaims] Enabled!
2012-08-13 23:58:56 [INFO] [InfiniteClaims] Found a different version available: 2.0.5
2012-08-13 23:58:56 [INFO] [InfiniteClaims] You can get it at http://dev.bukkit.org/server-mods/infiniteclaims
2012-08-14 00:04:07 [INFO] [InfiniteClaims] Player 'acenario' changed to world: Gate from: SurvivalMain
2012-08-14 00:04:07 [WARNING] [InfiniteClaims] The world 'Gate' is NOT an InfinitePlots world!
2012-08-14 00:12:06 [INFO] [InfiniteClaims] Disabled!
2012-08-18 00:14:53 [INFO] [InfiniteClaims] Metrics started! To opt-out go to /plugins/PluginMetrics/config.yml and change opt-out to true.
2012-08-18 00:16:43 [INFO] [InfiniteClaims] Enabled!
2012-08-18 00:17:03 [INFO] [InfiniteClaims] Found a different version available: 2.0.5
2012-08-18 00:17:03 [INFO] [InfiniteClaims] You can get it at http://dev.bukkit.org/server-mods/infiniteclaims
2012-08-18 00:17:40 [INFO] [InfiniteClaims] Disabled!
2012-08-18 00:49:26 [INFO] [InfiniteClaims] Metrics started! To opt-out go to /plugins/PluginMetrics/config.yml and change opt-out to true.
2012-08-18 00:50:53 [INFO] [InfiniteClaims] Enabled!
2012-08-18 00:51:04 [INFO] [InfiniteClaims] Found a different version available: 2.0.5
2012-08-18 00:51:04 [INFO] [InfiniteClaims] You can get it at http://dev.bukkit.org/server-mods/infiniteclaims
2012-08-18 00:53:36 [INFO] [InfiniteClaims] Disabled!
2012-08-18 00:53:57 [INFO] [InfiniteClaims] Metrics started! To opt-out go to /plugins/PluginMetrics/config.yml and change opt-out to true.
2012-08-18 00:55:18 [INFO] [InfiniteClaims] Enabled!
2012-08-18 00:55:33 [INFO] [InfiniteClaims] Found a different version available: 2.0.5
2012-08-18 00:55:33 [INFO] [InfiniteClaims] You can get it at http://dev.bukkit.org/server-mods/infiniteclaims
2012-08-18 00:59:30 [INFO] [InfiniteClaims] Disabled!
2012-08-18 01:03:24 [INFO] [InfiniteClaims] Metrics started! To opt-out go to /plugins/PluginMetrics/config.yml and change opt-out to true.
2012-08-18 01:04:35 [INFO] [InfiniteClaims] Enabled!
2012-08-18 01:04:51 [INFO] [InfiniteClaims] Found a different version available: 2.0.5
2012-08-18 01:04:51 [INFO] [InfiniteClaims] You can get it at http://dev.bukkit.org/server-mods/infiniteclaims
2012-08-18 01:07:54 [INFO] [InfiniteClaims] Disabled!
2012-08-18 01:12:22 [INFO] [InfiniteClaims] Metrics started! To opt-out go to /plugins/PluginMetrics/config.yml and change opt-out to true.
2012-08-18 01:13:48 [INFO] [InfiniteClaims] Enabled!
2012-08-18 01:13:59 [INFO] [InfiniteClaims] Found a different version available: 2.0.5
2012-08-18 01:13:59 [INFO] [InfiniteClaims] You can get it at http://dev.bukkit.org/server-mods/infiniteclaims
2012-08-18 01:14:14 [INFO] [InfiniteClaims] Player 'Yajihba' changed to world: SurvivalMain from: TundraGames2
2012-08-18 01:14:14 [WARNING] [InfiniteClaims] The world 'SurvivalMain' is NOT an InfinitePlots world!
2012-08-18 01:16:37 [INFO] [InfiniteClaims] Disabled!
2012-08-18 01:19:03 [INFO] [InfiniteClaims] Metrics started! To opt-out go to /plugins/PluginMetrics/config.yml and change opt-out to true.
2012-08-18 01:20:15 [INFO] [InfiniteClaims] Enabled!
2012-08-18 01:20:27 [INFO] [InfiniteClaims] Found a different version available: 2.0.5
2012-08-18 01:20:27 [INFO] [InfiniteClaims] You can get it at http://dev.bukkit.org/server-mods/infiniteclaims
2012-08-18 01:21:49 [INFO] [InfiniteClaims] Disabled!
2012-08-20 20:47:00 [INFO] [InfiniteClaims] Metrics started! To opt-out go to /plugins/PluginMetrics/config.yml and change opt-out to true.
2012-08-20 20:47:28 [INFO] [InfiniteClaims] Enabled!
2012-08-20 20:47:34 [INFO] [InfiniteClaims] Found a different version available: 2.0.5
2012-08-20 20:47:34 [INFO] [InfiniteClaims] You can get it at http://dev.bukkit.org/server-mods/infiniteclaims
2012-08-20 20:49:26 [INFO] [InfiniteClaims] Disabled!
2012-08-20 21:11:09 [INFO] [InfiniteClaims] Metrics started! To opt-out go to /plugins/PluginMetrics/config.yml and change opt-out to true.
2012-08-20 21:11:31 [INFO] [InfiniteClaims] Enabled!
2012-08-20 21:11:36 [INFO] [InfiniteClaims] Found a different version available: 2.0.5
2012-08-20 21:11:36 [INFO] [InfiniteClaims] You can get it at http://dev.bukkit.org/server-mods/infiniteclaims
2012-08-20 21:12:46 [INFO] [InfiniteClaims] Disabled!
2012-08-20 23:24:55 [INFO] [InfiniteClaims] Metrics started! To opt-out go to /plugins/PluginMetrics/config.yml and change opt-out to true.
2012-08-20 23:25:17 [INFO] [InfiniteClaims] Enabled!
2012-08-20 23:25:22 [INFO] [InfiniteClaims] Found a different version available: 2.0.5
2012-08-20 23:25:22 [INFO] [InfiniteClaims] You can get it at http://dev.bukkit.org/server-mods/infiniteclaims
2012-08-20 23:26:05 [INFO] [InfiniteClaims] Disabled!
2012-08-22 19:16:54 [INFO] [InfiniteClaims] Metrics started! To opt-out go to /plugins/PluginMetrics/config.yml and change opt-out to true.
2012-08-22 19:17:26 [INFO] [InfiniteClaims] Enabled!
2012-08-22 19:17:33 [INFO] [InfiniteClaims] Found a different version available: 2.0.5
2012-08-22 19:17:33 [INFO] [InfiniteClaims] You can get it at http://dev.bukkit.org/server-mods/infiniteclaims
2012-08-22 19:19:49 [INFO] [InfiniteClaims] Disabled!
2012-08-22 19:21:13 [INFO] [InfiniteClaims] Metrics started! To opt-out go to /plugins/PluginMetrics/config.yml and change opt-out to true.
2012-08-22 19:21:33 [INFO] [InfiniteClaims] Enabled!
2012-08-22 19:21:38 [INFO] [InfiniteClaims] Found a different version available: 2.0.5
2012-08-22 19:21:38 [INFO] [InfiniteClaims] You can get it at http://dev.bukkit.org/server-mods/infiniteclaims
2012-08-22 19:22:41 [INFO] [InfiniteClaims] Disabled!
