2012-04-29 11:44:57 [INFO] [Multiverse-Inventories] First run!
2012-04-29 11:44:57 [INFO] [Multiverse-Inventories] Created a default group for you containing all of your default worlds: SurvivalMain, SurvivalMain_nether, SurvivalMain_the_end
2012-04-29 11:44:57 [INFO] [Multiverse-Inventories] Checking for conflicts in groups...
2012-04-29 11:44:57 [INFO] [Multiverse-Inventories] No group conflicts found!
2012-04-29 11:44:57 [INFO] [Multiverse-Inventories 2.4-b126] enabled.
2012-04-29 11:46:17 [INFO] [Multiverse-Inventories 2.4-b126] disabled.
2012-04-29 13:28:20 [INFO] [Multiverse-Inventories] Checking for conflicts in groups...
2012-04-29 13:28:20 [INFO] [Multiverse-Inventories] No group conflicts found!
2012-04-29 13:28:20 [INFO] [Multiverse-Inventories 2.4-b126] enabled.
2012-04-29 13:28:59 [INFO] [Multiverse-Inventories 2.4-b126] disabled.
2012-04-29 13:35:19 [INFO] [Multiverse-Inventories] Checking for conflicts in groups...
2012-04-29 13:35:19 [INFO] [Multiverse-Inventories] No group conflicts found!
2012-04-29 13:35:19 [INFO] [Multiverse-Inventories 2.4-b126] enabled.
2012-05-02 21:15:12 [INFO] [Multiverse-Inventories] Checking for conflicts in groups...
2012-05-02 21:15:12 [INFO] [Multiverse-Inventories] No group conflicts found!
2012-05-02 21:15:12 [INFO] [Multiverse-Inventories 2.4-b126] enabled.
2012-05-04 20:03:25 [INFO] [Multiverse-Inventories] Checking for conflicts in groups...
2012-05-04 20:03:25 [INFO] [Multiverse-Inventories] No group conflicts found!
2012-05-04 20:03:25 [INFO] [Multiverse-Inventories 2.4-b126] enabled.
2012-05-04 20:57:15 [INFO] [Multiverse-Inventories] Checking for conflicts in groups...
2012-05-04 20:57:15 [INFO] [Multiverse-Inventories] No group conflicts found!
2012-05-04 20:57:15 [INFO] [Multiverse-Inventories 2.4-b126] enabled.
2012-05-04 21:30:13 [INFO] [Multiverse-Inventories] Checking for conflicts in groups...
2012-05-04 21:30:13 [INFO] [Multiverse-Inventories] No group conflicts found!
2012-05-04 21:30:13 [INFO] [Multiverse-Inventories 2.4-b126] enabled.
2012-05-04 21:51:09 [INFO] [Multiverse-Inventories] Checking for conflicts in groups...
2012-05-04 21:51:09 [INFO] [Multiverse-Inventories] No group conflicts found!
2012-05-04 21:51:09 [INFO] [Multiverse-Inventories 2.4-b126] enabled.
2012-05-04 23:51:14 [INFO] [Multiverse-Inventories 2.4-b126] disabled.
2012-05-04 23:52:19 [INFO] [Multiverse-Inventories] Checking for conflicts in groups...
2012-05-04 23:52:19 [INFO] [Multiverse-Inventories] No group conflicts found!
2012-05-04 23:52:19 [INFO] [Multiverse-Inventories 2.4-b126] enabled.
2012-05-05 12:56:13 [INFO] [Multiverse-Inventories 2.4-b126] disabled.
2012-05-05 12:58:43 [INFO] [Multiverse-Inventories] Checking for conflicts in groups...
2012-05-05 12:58:43 [INFO] [Multiverse-Inventories] No group conflicts found!
2012-05-05 12:58:43 [INFO] [Multiverse-Inventories 2.4-b126] enabled.
2012-05-06 12:53:28 [INFO] [Multiverse-Inventories] Checking for conflicts in groups...
2012-05-06 12:53:28 [INFO] [Multiverse-Inventories] No group conflicts found!
2012-05-06 12:53:28 [INFO] [Multiverse-Inventories 2.4-b126] enabled.
2012-05-06 13:27:39 [INFO] [Multiverse-Inventories 2.4-b126] disabled.
2012-05-06 13:28:20 [INFO] [Multiverse-Inventories] Checking for conflicts in groups...
2012-05-06 13:28:20 [INFO] [Multiverse-Inventories] No group conflicts found!
2012-05-06 13:28:20 [INFO] [Multiverse-Inventories 2.4-b126] enabled.
2012-05-12 11:47:39 [INFO] [Multiverse-Inventories] Checking for conflicts in groups...
2012-05-12 11:47:39 [INFO] [Multiverse-Inventories] No group conflicts found!
2012-05-12 11:47:39 [INFO] [Multiverse-Inventories 2.4-b126] enabled.
2012-05-12 11:56:18 [INFO] [Multiverse-Inventories 2.4-b126] disabled.
2012-05-12 13:49:31 [INFO] [Multiverse-Inventories] Checking for conflicts in groups...
2012-05-12 13:49:31 [INFO] [Multiverse-Inventories] No group conflicts found!
2012-05-12 13:49:31 [INFO] [Multiverse-Inventories 2.4-b126] enabled.
2012-05-13 21:22:34 [INFO] [Multiverse-Inventories 2.4-b126] disabled.
2012-05-13 21:23:48 [INFO] [Multiverse-Inventories] Checking for conflicts in groups...
2012-05-13 21:23:48 [INFO] [Multiverse-Inventories] No group conflicts found!
2012-05-13 21:23:48 [INFO] [Multiverse-Inventories 2.4-b126] enabled.
2012-05-13 21:31:54 [INFO] [Multiverse-Inventories 2.4-b126] disabled.
2012-05-13 21:35:22 [INFO] [Multiverse-Inventories] Checking for conflicts in groups...
2012-05-13 21:35:22 [INFO] [Multiverse-Inventories] No group conflicts found!
2012-05-13 21:35:22 [INFO] [Multiverse-Inventories 2.4-b126] enabled.
2012-05-14 20:18:35 [INFO] [Multiverse-Inventories 2.4-b126] disabled.
2012-05-14 20:19:28 [INFO] [Multiverse-Inventories] Checking for conflicts in groups...
2012-05-14 20:19:28 [INFO] [Multiverse-Inventories] No group conflicts found!
2012-05-14 20:19:28 [INFO] [Multiverse-Inventories 2.4-b126] enabled.
2012-05-16 20:54:46 [INFO] [Multiverse-Inventories] Checking for conflicts in groups...
2012-05-16 20:54:46 [INFO] [Multiverse-Inventories] No group conflicts found!
2012-05-16 20:54:46 [INFO] [Multiverse-Inventories 2.4-b126] enabled.
2012-05-16 20:54:55 [INFO] [Multiverse-Inventories 2.4-b126] disabled.
2012-05-16 20:55:40 [INFO] [Multiverse-Inventories] Checking for conflicts in groups...
2012-05-16 20:55:40 [INFO] [Multiverse-Inventories] No group conflicts found!
2012-05-16 20:55:40 [INFO] [Multiverse-Inventories 2.4-b126] enabled.
2012-05-18 19:05:50 [INFO] [Multiverse-Inventories 2.4-b126] disabled.
2012-05-18 19:14:48 [INFO] [Multiverse-Inventories] Checking for conflicts in groups...
2012-05-18 19:14:48 [INFO] [Multiverse-Inventories] No group conflicts found!
2012-05-18 19:14:48 [INFO] [Multiverse-Inventories 2.4-b126] enabled.
2012-05-20 12:45:05 [INFO] [Multiverse-Inventories 2.4-b126] disabled.
2012-05-20 15:02:38 [INFO] [Multiverse-Inventories] Checking for conflicts in groups...
2012-05-20 15:02:38 [INFO] [Multiverse-Inventories] No group conflicts found!
2012-05-20 15:02:38 [INFO] [Multiverse-Inventories 2.4-b126] enabled.
2012-05-20 20:28:10 [INFO] [Multiverse-Inventories 2.4-b126] disabled.
2012-05-20 20:41:22 [INFO] [Multiverse-Inventories] Checking for conflicts in groups...
2012-05-20 20:41:22 [INFO] [Multiverse-Inventories] No group conflicts found!
2012-05-20 20:41:22 [INFO] [Multiverse-Inventories 2.4-b126] enabled.
2012-05-26 12:06:38 [INFO] [Multiverse-Inventories 2.4-b126] disabled.
2012-05-26 12:08:22 [INFO] [Multiverse-Inventories] Checking for conflicts in groups...
2012-05-26 12:08:22 [INFO] [Multiverse-Inventories] No group conflicts found!
2012-05-26 12:08:22 [INFO] [Multiverse-Inventories 2.4-b126] enabled.
2012-05-26 16:30:40 [INFO] [Multiverse-Inventories] Checking for conflicts in groups...
2012-05-26 16:30:40 [INFO] [Multiverse-Inventories] No group conflicts found!
2012-05-31 20:01:17 [INFO] [Multiverse-Inventories] Checking for conflicts in groups...
2012-05-31 20:01:17 [INFO] [Multiverse-Inventories] No group conflicts found!
2012-05-31 20:01:17 [INFO] [Multiverse-Inventories 2.4-b126] enabled.
2012-05-31 20:01:28 [INFO] [Multiverse-Inventories 2.4-b126] disabled.
2012-05-31 20:02:16 [INFO] [Multiverse-Inventories] Checking for conflicts in groups...
2012-05-31 20:02:16 [INFO] [Multiverse-Inventories] No group conflicts found!
2012-05-31 20:02:16 [INFO] [Multiverse-Inventories 2.4-b126] enabled.
2012-06-02 15:40:20 [INFO] [Multiverse-Inventories 2.4-b126] disabled.
2012-06-02 15:41:18 [INFO] [Multiverse-Inventories] Checking for conflicts in groups...
2012-06-02 15:41:18 [INFO] [Multiverse-Inventories] No group conflicts found!
2012-06-02 15:41:18 [INFO] [Multiverse-Inventories 2.4-b126] enabled.
2012-06-02 22:08:09 [INFO] [Multiverse-Inventories 2.4-b126] disabled.
2012-06-02 22:11:47 [INFO] [Multiverse-Inventories] Checking for conflicts in groups...
2012-06-02 22:11:47 [INFO] [Multiverse-Inventories] No group conflicts found!
2012-06-02 22:11:47 [INFO] [Multiverse-Inventories 2.4-b126] enabled.
2012-06-02 22:14:48 [INFO] [Multiverse-Inventories 2.4-b126] disabled.
2012-06-02 22:19:41 [INFO] [Multiverse-Inventories] Checking for conflicts in groups...
2012-06-02 22:19:41 [INFO] [Multiverse-Inventories] No group conflicts found!
2012-06-02 22:19:41 [INFO] [Multiverse-Inventories 2.4-b126] enabled.
2012-06-03 10:48:32 [INFO] [Multiverse-Inventories] Checking for conflicts in groups...
2012-06-03 10:48:32 [INFO] [Multiverse-Inventories] No group conflicts found!
2012-06-03 10:48:32 [INFO] [Multiverse-Inventories 2.4-b126] enabled.
2012-06-03 11:03:00 [INFO] [Multiverse-Inventories 2.4-b126] disabled.
2012-06-03 11:05:37 [INFO] [Multiverse-Inventories] Checking for conflicts in groups...
2012-06-03 11:05:37 [INFO] [Multiverse-Inventories] No group conflicts found!
2012-06-03 11:05:37 [INFO] [Multiverse-Inventories 2.4-b126] enabled.
2012-06-03 11:05:50 [INFO] [Multiverse-Inventories 2.4-b126] disabled.
2012-06-03 11:33:15 [INFO] [Multiverse-Inventories] Checking for conflicts in groups...
2012-06-03 11:33:15 [INFO] [Multiverse-Inventories] No group conflicts found!
2012-06-03 11:33:15 [INFO] [Multiverse-Inventories 2.4-b126] enabled.
2012-06-08 18:55:42 [INFO] [Multiverse-Inventories] Checking for conflicts in groups...
2012-06-08 18:55:42 [INFO] [Multiverse-Inventories] No group conflicts found!
2012-06-08 18:55:42 [INFO] [Multiverse-Inventories 2.4-b126] enabled.
2012-06-09 11:03:13 [INFO] [Multiverse-Inventories 2.4-b126] disabled.
2012-06-09 11:07:31 [INFO] [Multiverse-Inventories] Checking for conflicts in groups...
2012-06-09 11:07:31 [INFO] [Multiverse-Inventories] No group conflicts found!
2012-06-09 11:07:31 [INFO] [Multiverse-Inventories 2.4-b126] enabled.
2012-06-09 11:14:23 [INFO] [Multiverse-Inventories 2.4-b126] disabled.
2012-06-09 11:15:42 [INFO] [Multiverse-Inventories] Checking for conflicts in groups...
2012-06-09 11:15:42 [INFO] [Multiverse-Inventories] No group conflicts found!
2012-06-09 11:15:42 [INFO] [Multiverse-Inventories 2.4-b126] enabled.
2012-06-09 11:43:29 [INFO] [Multiverse-Inventories 2.4-b126] disabled.
2012-06-09 11:44:38 [INFO] [Multiverse-Inventories] Checking for conflicts in groups...
2012-06-09 11:44:38 [INFO] [Multiverse-Inventories] No group conflicts found!
2012-06-09 11:44:38 [INFO] [Multiverse-Inventories 2.4-b126] enabled.
2012-06-09 11:47:54 [INFO] [Multiverse-Inventories 2.4-b126] disabled.
2012-06-09 11:48:49 [INFO] [Multiverse-Inventories] Checking for conflicts in groups...
2012-06-09 11:48:49 [INFO] [Multiverse-Inventories] No group conflicts found!
2012-06-09 11:48:49 [INFO] [Multiverse-Inventories 2.4-b126] enabled.
2012-06-10 20:27:33 [INFO] [Multiverse-Inventories 2.4-b126] disabled.
2012-06-10 21:35:32 [INFO] [Multiverse-Inventories] Checking for conflicts in groups...
2012-06-10 21:35:32 [INFO] [Multiverse-Inventories] No group conflicts found!
2012-06-10 21:35:32 [INFO] [Multiverse-Inventories 2.4-b126] enabled.
2012-06-13 21:51:25 [INFO] [Multiverse-Inventories] Checking for conflicts in groups...
2012-06-13 21:51:25 [INFO] [Multiverse-Inventories] No group conflicts found!
2012-06-13 21:51:25 [INFO] [Multiverse-Inventories 2.4-b126] enabled.
2012-06-19 16:58:05 [INFO] [Multiverse-Inventories] Checking for conflicts in groups...
2012-06-19 16:58:05 [INFO] [Multiverse-Inventories] No group conflicts found!
2012-06-19 16:58:05 [INFO] [Multiverse-Inventories 2.4-b126] enabled.
2012-06-20 11:57:32 [INFO] [Multiverse-Inventories] Checking for conflicts in groups...
2012-06-20 11:57:32 [INFO] [Multiverse-Inventories] No group conflicts found!
2012-06-20 11:57:32 [INFO] [Multiverse-Inventories 2.4-b126] enabled.
2012-06-20 20:56:40 [INFO] [Multiverse-Inventories] Checking for conflicts in groups...
2012-06-20 20:56:40 [INFO] [Multiverse-Inventories] No group conflicts found!
2012-06-20 20:56:40 [INFO] [Multiverse-Inventories 2.4-b126] enabled.
2012-06-21 23:23:49 [INFO] [Multiverse-Inventories] Checking for conflicts in groups...
2012-06-21 23:23:49 [INFO] [Multiverse-Inventories] No group conflicts found!
2012-06-21 23:23:49 [INFO] [Multiverse-Inventories 2.4-b126] enabled.
2012-06-22 20:48:44 [INFO] [Multiverse-Inventories] Checking for conflicts in groups...
2012-06-22 20:48:46 [INFO] [Multiverse-Inventories] No group conflicts found!
2012-06-22 20:48:46 [INFO] [Multiverse-Inventories 2.4-b126] enabled.
2012-06-26 22:21:06 [INFO] [Multiverse-Inventories] Checking for conflicts in groups...
2012-06-26 22:21:06 [INFO] [Multiverse-Inventories] No group conflicts found!
2012-06-26 22:21:06 [INFO] [Multiverse-Inventories 2.4-b126] enabled.
2012-06-26 22:58:37 [INFO] [Multiverse-Inventories 2.4-b126] disabled.
2012-06-26 23:03:36 [INFO] [Multiverse-Inventories] Checking for conflicts in groups...
2012-06-26 23:03:36 [INFO] [Multiverse-Inventories] No group conflicts found!
2012-06-26 23:03:36 [INFO] [Multiverse-Inventories 2.4-b126] enabled.
2012-06-27 16:36:58 [INFO] [Multiverse-Inventories 2.4-b126] disabled.
2012-06-27 16:53:06 [INFO] [Multiverse-Inventories] Checking for conflicts in groups...
2012-06-27 16:53:06 [INFO] [Multiverse-Inventories] No group conflicts found!
2012-06-27 16:53:06 [INFO] [Multiverse-Inventories 2.4-b126] enabled.
2012-06-27 16:53:21 [INFO] [Multiverse-Inventories 2.4-b126] disabled.
2012-06-27 17:07:34 [INFO] [Multiverse-Inventories] Checking for conflicts in groups...
2012-06-27 17:07:34 [INFO] [Multiverse-Inventories] No group conflicts found!
2012-06-27 17:07:34 [INFO] [Multiverse-Inventories 2.4-b126] enabled.
2012-06-27 17:07:45 [INFO] [Multiverse-Inventories 2.4-b126] disabled.
2012-06-27 17:08:34 [INFO] [Multiverse-Inventories] Checking for conflicts in groups...
2012-06-27 17:08:34 [INFO] [Multiverse-Inventories] No group conflicts found!
2012-06-27 17:08:34 [INFO] [Multiverse-Inventories 2.4-b126] enabled.
2012-07-01 22:04:01 [INFO] [Multiverse-Inventories] Checking for conflicts in groups...
2012-07-01 22:04:01 [INFO] [Multiverse-Inventories] No group conflicts found!
2012-07-01 22:04:01 [INFO] [Multiverse-Inventories 2.4-b126] enabled.
2012-07-11 22:29:31 [INFO] [Multiverse-Inventories] Checking for conflicts in groups...
2012-07-11 22:29:31 [INFO] [Multiverse-Inventories] No group conflicts found!
2012-07-11 22:29:31 [INFO] [Multiverse-Inventories 2.4-b126] enabled.
2012-07-22 19:05:03 [INFO] [Multiverse-Inventories] Checking for conflicts in groups...
2012-07-22 19:05:03 [INFO] [Multiverse-Inventories] No group conflicts found!
2012-07-22 19:05:03 [INFO] [Multiverse-Inventories 2.4-b126] enabled.
2012-07-22 19:05:16 [INFO] [Multiverse-Inventories 2.4-b126] disabled.
2012-07-30 11:27:05 [INFO] [Multiverse-Inventories] Checking for conflicts in groups...
2012-07-30 11:27:05 [INFO] [Multiverse-Inventories] No group conflicts found!
2012-07-30 11:27:05 [INFO] [Multiverse-Inventories 2.4-b126] enabled.
2012-07-31 19:24:47 [INFO] [Multiverse-Inventories] Checking for conflicts in groups...
2012-07-31 19:24:47 [INFO] [Multiverse-Inventories] No group conflicts found!
2012-07-31 19:24:47 [INFO] [Multiverse-Inventories 2.4-b126] enabled.
2012-08-06 20:44:05 [INFO] [Multiverse-Inventories] Checking for conflicts in groups...
2012-08-06 20:44:05 [INFO] [Multiverse-Inventories] No group conflicts found!
2012-08-06 20:44:05 [INFO] [Multiverse-Inventories 2.4-b126] enabled.
2012-08-06 20:44:25 [INFO] [Multiverse-Inventories 2.4-b126] disabled.
2012-08-06 20:45:32 [INFO] [Multiverse-Inventories] Checking for conflicts in groups...
2012-08-06 20:45:32 [INFO] [Multiverse-Inventories] No group conflicts found!
2012-08-06 20:45:32 [INFO] [Multiverse-Inventories 2.4-b126] enabled.
2012-08-06 21:29:44 [INFO] [Multiverse-Inventories 2.4-b126] disabled.
2012-08-13 22:57:19 [INFO] [Multiverse-Inventories] Checking for conflicts in groups...
2012-08-13 22:57:19 [INFO] [Multiverse-Inventories] No group conflicts found!
2012-08-13 22:57:19 [INFO] [Multiverse-Inventories 2.4-b126] enabled.
2012-08-13 22:57:39 [INFO] [Multiverse-Inventories 2.4-b126] disabled.
